<?xml version="1.0" encoding="UTF-8"?>
<!-- Generated by org.testng.reporters.JUnitReportReporter -->
<testsuite hostname="LAPTOP-G6M6UEIL" failures="0" tests="2" name="Academy.HomePage1" time="41.705" errors="0" timestamp="2022-07-25T13:13:53 IST" skipped="0">
  <testcase classname="Academy.HomePage1" name="basePageNavigation" time="18.544"/>
  <system-out/>
  <testcase classname="Academy.HomePage1" name="basePageNavigation" time="23.161"/>
  <system-out/>
</testsuite> <!-- Academy.HomePage1 -->
