<?xml version="1.0" encoding="UTF-8"?>
<!-- Generated by org.testng.reporters.JUnitReportReporter -->
<testsuite hostname="LAPTOP-G6M6UEIL" failures="0" tests="1" name="Academy.validateNavigationBar" time="0.124" errors="0" timestamp="2022-07-25T13:14:26 IST" skipped="0">
  <testcase classname="Academy.validateNavigationBar" name="validateAppNavBar" time="0.124"/>
  <system-out/>
</testsuite> <!-- Academy.validateNavigationBar -->
